2022-12-22 01:12:04.112  INFO 3716 --- [Test worker] c.a.s.i.d.repository.UserRepositoryTest  : Starting UserRepositoryTest using Java 17.0.2 on LAPTOP-DK885BR9 with PID 3716 (started by Andrey72 in C:\Users\Andrey72\IdeaProjects\Spring-start)
2022-12-22 01:12:04.119  INFO 3716 --- [Test worker] c.a.s.i.d.repository.UserRepositoryTest  : The following profiles are active: test
2022-12-22 01:12:04.559  INFO 3716 --- [Test worker] .s.d.r.c.RepositoryConfigurationDelegate : Bootstrapping Spring Data JPA repositories in DEFAULT mode.
2022-12-22 01:12:04.620  INFO 3716 --- [Test worker] .s.d.r.c.RepositoryConfigurationDelegate : Finished Spring Data repository scanning in 54 ms. Found 2 JPA repository interfaces.
2022-12-22 01:12:05.096  INFO 3716 --- [Test worker] o.hibernate.jpa.internal.util.LogHelper  : HHH000204: Processing PersistenceUnitInfo [name: default]
2022-12-22 01:12:05.165  INFO 3716 --- [Test worker] org.hibernate.Version                    : HHH000412: Hibernate ORM core version 5.6.3.Final
2022-12-22 01:12:05.348  INFO 3716 --- [Test worker] o.hibernate.annotations.common.Version   : HCANN000001: Hibernate Commons Annotations {5.1.2.Final}
2022-12-22 01:12:05.460  INFO 3716 --- [Test worker] com.zaxxer.hikari.HikariDataSource       : HikariPool-1 - Starting...
2022-12-22 01:12:05.597  INFO 3716 --- [Test worker] com.zaxxer.hikari.HikariDataSource       : HikariPool-1 - Start completed.
2022-12-22 01:12:05.628  INFO 3716 --- [Test worker] org.hibernate.dialect.Dialect            : HHH000400: Using dialect: org.hibernate.dialect.PostgreSQL10Dialect
2022-12-22 01:12:06.388  INFO 3716 --- [Test worker] o.h.e.t.j.p.i.JtaPlatformInitiator       : HHH000490: Using JtaPlatform implementation: [org.hibernate.engine.transaction.jta.platform.internal.NoJtaPlatform]
2022-12-22 01:12:06.479  INFO 3716 --- [Test worker] j.LocalContainerEntityManagerFactoryBean : Initialized JPA EntityManagerFactory for persistence unit 'default'
2022-12-22 01:12:06.495  INFO 3716 --- [Test worker] c.a.spring.database.pool.ConnectionPool  : Init-method ConnectionPool
2022-12-22 01:12:06.663  INFO 3716 --- [Test worker] c.andrey.spring.config.JpaConfiguration  : Jpa configuration is enabled
2022-12-22 01:12:07.108  INFO 3716 --- [Test worker] c.a.spring.database.pool.ConnectionPool  : Init-method ConnectionPool
2022-12-22 01:12:07.110  INFO 3716 --- [Test worker] c.a.spring.database.pool.ConnectionPool  : Init-method ConnectionPool
2022-12-22 01:12:07.277  INFO 3716 --- [Test worker] c.a.s.i.d.repository.UserRepositoryTest  : Started UserRepositoryTest in 3.501 seconds (JVM running for 4.542)
2022-12-22 01:12:07.307  INFO 3716 --- [Test worker] o.s.t.c.transaction.TransactionContext   : Began transaction (1) for test context [DefaultTestContext@533b266e testClass = UserRepositoryTest, testInstance = com.andrey.spring.integration.database.repository.UserRepositoryTest@3cb376a3, testMethod = checkAuditing@UserRepositoryTest, testException = [null], mergedContextConfiguration = [MergedContextConfiguration@6d1d4d7 testClass = UserRepositoryTest, locations = '{}', classes = '{class com.andrey.spring.ApplicationRunner, class com.andrey.spring.integration.TestApplicationRunner}', contextInitializerClasses = '[]', activeProfiles = '{test}', propertySourceLocations = '{}', propertySourceProperties = '{org.springframework.boot.test.context.SpringBootTestContextBootstrapper=true}', contextCustomizers = set[org.springframework.boot.test.autoconfigure.actuate.metrics.MetricsExportContextCustomizerFactory$DisableMetricExportContextCustomizer@517d4a0d, org.springframework.boot.test.autoconfigure.properties.PropertyMappingContextCustomizer@0, org.springframework.boot.test.autoconfigure.web.servlet.WebDriverContextCustomizerFactory$Customizer@324a0017, org.springframework.boot.test.context.filter.ExcludeFilterContextCustomizer@487db668, org.springframework.boot.test.json.DuplicateJsonObjectContextCustomizerFactory$DuplicateJsonObjectContextCustomizer@63798ca7, org.springframework.boot.test.mock.mockito.MockitoContextCustomizer@0, org.springframework.boot.test.web.client.TestRestTemplateContextCustomizer@4879dfad, org.springframework.boot.test.context.SpringBootTestArgs@1, org.springframework.boot.test.context.SpringBootTestWebEnvironment@4d02f94e], contextLoader = 'org.springframework.boot.test.context.SpringBootContextLoader', parent = [null]], attributes = map['org.springframework.test.context.event.ApplicationEventsTestExecutionListener.recordApplicationEvents' -> false]]; transaction manager [org.springframework.orm.jpa.JpaTransactionManager@4542af89]; rollback [true]
2022-12-22 01:13:11.968  WARN 3716 --- [HikariPool-1 housekeeper] com.zaxxer.hikari.pool.HikariPool        : HikariPool-1 - Thread starvation or clock leap detected (housekeeper delta=1m6s259ms543µs300ns).
2022-12-22 01:13:15.104  INFO 3716 --- [Test worker] o.s.t.c.transaction.TransactionContext   : Rolled back transaction for test: [DefaultTestContext@533b266e testClass = UserRepositoryTest, testInstance = com.andrey.spring.integration.database.repository.UserRepositoryTest@3cb376a3, testMethod = checkAuditing@UserRepositoryTest, testException = [null], mergedContextConfiguration = [MergedContextConfiguration@6d1d4d7 testClass = UserRepositoryTest, locations = '{}', classes = '{class com.andrey.spring.ApplicationRunner, class com.andrey.spring.integration.TestApplicationRunner}', contextInitializerClasses = '[]', activeProfiles = '{test}', propertySourceLocations = '{}', propertySourceProperties = '{org.springframework.boot.test.context.SpringBootTestContextBootstrapper=true}', contextCustomizers = set[org.springframework.boot.test.autoconfigure.actuate.metrics.MetricsExportContextCustomizerFactory$DisableMetricExportContextCustomizer@517d4a0d, org.springframework.boot.test.autoconfigure.properties.PropertyMappingContextCustomizer@0, org.springframework.boot.test.autoconfigure.web.servlet.WebDriverContextCustomizerFactory$Customizer@324a0017, org.springframework.boot.test.context.filter.ExcludeFilterContextCustomizer@487db668, org.springframework.boot.test.json.DuplicateJsonObjectContextCustomizerFactory$DuplicateJsonObjectContextCustomizer@63798ca7, org.springframework.boot.test.mock.mockito.MockitoContextCustomizer@0, org.springframework.boot.test.web.client.TestRestTemplateContextCustomizer@4879dfad, org.springframework.boot.test.context.SpringBootTestArgs@1, org.springframework.boot.test.context.SpringBootTestWebEnvironment@4d02f94e], contextLoader = 'org.springframework.boot.test.context.SpringBootContextLoader', parent = [null]], attributes = map['org.springframework.test.context.event.ApplicationEventsTestExecutionListener.recordApplicationEvents' -> false]]
2022-12-22 01:13:49.139  INFO 13984 --- [Test worker] c.a.s.i.d.repository.UserRepositoryTest  : Starting UserRepositoryTest using Java 17.0.2 on LAPTOP-DK885BR9 with PID 13984 (started by Andrey72 in C:\Users\Andrey72\IdeaProjects\Spring-start)
2022-12-22 01:13:49.140  INFO 13984 --- [Test worker] c.a.s.i.d.repository.UserRepositoryTest  : The following profiles are active: test
2022-12-22 01:13:49.487  INFO 13984 --- [Test worker] .s.d.r.c.RepositoryConfigurationDelegate : Bootstrapping Spring Data JPA repositories in DEFAULT mode.
2022-12-22 01:13:49.534  INFO 13984 --- [Test worker] .s.d.r.c.RepositoryConfigurationDelegate : Finished Spring Data repository scanning in 41 ms. Found 2 JPA repository interfaces.
2022-12-22 01:13:49.935  INFO 13984 --- [Test worker] o.hibernate.jpa.internal.util.LogHelper  : HHH000204: Processing PersistenceUnitInfo [name: default]
2022-12-22 01:13:49.986  INFO 13984 --- [Test worker] org.hibernate.Version                    : HHH000412: Hibernate ORM core version 5.6.3.Final
2022-12-22 01:13:50.119  INFO 13984 --- [Test worker] o.hibernate.annotations.common.Version   : HCANN000001: Hibernate Commons Annotations {5.1.2.Final}
2022-12-22 01:13:50.222  INFO 13984 --- [Test worker] com.zaxxer.hikari.HikariDataSource       : HikariPool-1 - Starting...
2022-12-22 01:13:50.343  INFO 13984 --- [Test worker] com.zaxxer.hikari.HikariDataSource       : HikariPool-1 - Start completed.
2022-12-22 01:13:50.369  INFO 13984 --- [Test worker] org.hibernate.dialect.Dialect            : HHH000400: Using dialect: org.hibernate.dialect.PostgreSQL10Dialect
2022-12-22 01:13:50.986  INFO 13984 --- [Test worker] o.h.e.t.j.p.i.JtaPlatformInitiator       : HHH000490: Using JtaPlatform implementation: [org.hibernate.engine.transaction.jta.platform.internal.NoJtaPlatform]
2022-12-22 01:13:51.051  INFO 13984 --- [Test worker] j.LocalContainerEntityManagerFactoryBean : Initialized JPA EntityManagerFactory for persistence unit 'default'
2022-12-22 01:13:51.063  INFO 13984 --- [Test worker] c.a.spring.database.pool.ConnectionPool  : Init-method ConnectionPool
2022-12-22 01:13:51.206  INFO 13984 --- [Test worker] c.andrey.spring.config.JpaConfiguration  : Jpa configuration is enabled
2022-12-22 01:13:51.642  INFO 13984 --- [Test worker] c.a.spring.database.pool.ConnectionPool  : Init-method ConnectionPool
2022-12-22 01:13:51.643  INFO 13984 --- [Test worker] c.a.spring.database.pool.ConnectionPool  : Init-method ConnectionPool
2022-12-22 01:13:51.804  INFO 13984 --- [Test worker] c.a.s.i.d.repository.UserRepositoryTest  : Started UserRepositoryTest in 2.951 seconds (JVM running for 3.795)
2022-12-22 01:13:51.834  INFO 13984 --- [Test worker] o.s.t.c.transaction.TransactionContext   : Began transaction (1) for test context [DefaultTestContext@5fcacc0 testClass = UserRepositoryTest, testInstance = com.andrey.spring.integration.database.repository.UserRepositoryTest@4a013b23, testMethod = checkAuditing@UserRepositoryTest, testException = [null], mergedContextConfiguration = [MergedContextConfiguration@533b266e testClass = UserRepositoryTest, locations = '{}', classes = '{class com.andrey.spring.ApplicationRunner, class com.andrey.spring.integration.TestApplicationRunner}', contextInitializerClasses = '[]', activeProfiles = '{test}', propertySourceLocations = '{}', propertySourceProperties = '{org.springframework.boot.test.context.SpringBootTestContextBootstrapper=true}', contextCustomizers = set[org.springframework.boot.test.autoconfigure.actuate.metrics.MetricsExportContextCustomizerFactory$DisableMetricExportContextCustomizer@4fad9bb2, org.springframework.boot.test.autoconfigure.properties.PropertyMappingContextCustomizer@0, org.springframework.boot.test.autoconfigure.web.servlet.WebDriverContextCustomizerFactory$Customizer@2e2ff723, org.springframework.boot.test.context.filter.ExcludeFilterContextCustomizer@17aad511, org.springframework.boot.test.json.DuplicateJsonObjectContextCustomizerFactory$DuplicateJsonObjectContextCustomizer@22bac7bc, org.springframework.boot.test.mock.mockito.MockitoContextCustomizer@0, org.springframework.boot.test.web.client.TestRestTemplateContextCustomizer@6986bbaf, org.springframework.boot.test.context.SpringBootTestArgs@1, org.springframework.boot.test.context.SpringBootTestWebEnvironment@ea6147e], contextLoader = 'org.springframework.boot.test.context.SpringBootContextLoader', parent = [null]], attributes = map['org.springframework.test.context.event.ApplicationEventsTestExecutionListener.recordApplicationEvents' -> false]]; transaction manager [org.springframework.orm.jpa.JpaTransactionManager@3085befb]; rollback [true]
2022-12-22 01:13:51.925  INFO 13984 --- [Test worker] o.s.t.c.transaction.TransactionContext   : Rolled back transaction for test: [DefaultTestContext@5fcacc0 testClass = UserRepositoryTest, testInstance = com.andrey.spring.integration.database.repository.UserRepositoryTest@4a013b23, testMethod = checkAuditing@UserRepositoryTest, testException = [null], mergedContextConfiguration = [MergedContextConfiguration@533b266e testClass = UserRepositoryTest, locations = '{}', classes = '{class com.andrey.spring.ApplicationRunner, class com.andrey.spring.integration.TestApplicationRunner}', contextInitializerClasses = '[]', activeProfiles = '{test}', propertySourceLocations = '{}', propertySourceProperties = '{org.springframework.boot.test.context.SpringBootTestContextBootstrapper=true}', contextCustomizers = set[org.springframework.boot.test.autoconfigure.actuate.metrics.MetricsExportContextCustomizerFactory$DisableMetricExportContextCustomizer@4fad9bb2, org.springframework.boot.test.autoconfigure.properties.PropertyMappingContextCustomizer@0, org.springframework.boot.test.autoconfigure.web.servlet.WebDriverContextCustomizerFactory$Customizer@2e2ff723, org.springframework.boot.test.context.filter.ExcludeFilterContextCustomizer@17aad511, org.springframework.boot.test.json.DuplicateJsonObjectContextCustomizerFactory$DuplicateJsonObjectContextCustomizer@22bac7bc, org.springframework.boot.test.mock.mockito.MockitoContextCustomizer@0, org.springframework.boot.test.web.client.TestRestTemplateContextCustomizer@6986bbaf, org.springframework.boot.test.context.SpringBootTestArgs@1, org.springframework.boot.test.context.SpringBootTestWebEnvironment@ea6147e], contextLoader = 'org.springframework.boot.test.context.SpringBootContextLoader', parent = [null]], attributes = map['org.springframework.test.context.event.ApplicationEventsTestExecutionListener.recordApplicationEvents' -> false]]
2022-12-22 01:13:51.939  INFO 13984 --- [SpringApplicationShutdownHook] c.a.spring.database.pool.ConnectionPool  : Clean ConnectionPool
2022-12-22 01:13:51.939  INFO 13984 --- [SpringApplicationShutdownHook] c.a.spring.database.pool.ConnectionPool  : Clean ConnectionPool
2022-12-22 01:13:51.940  INFO 13984 --- [SpringApplicationShutdownHook] c.a.spring.database.pool.ConnectionPool  : Clean ConnectionPool
2022-12-22 01:13:51.940  INFO 13984 --- [SpringApplicationShutdownHook] j.LocalContainerEntityManagerFactoryBean : Closing JPA EntityManagerFactory for persistence unit 'default'
2022-12-22 01:13:51.942  INFO 13984 --- [SpringApplicationShutdownHook] com.zaxxer.hikari.HikariDataSource       : HikariPool-1 - Shutdown initiated...
2022-12-22 01:13:51.949  INFO 13984 --- [SpringApplicationShutdownHook] com.zaxxer.hikari.HikariDataSource       : HikariPool-1 - Shutdown completed.
2022-12-22 01:16:46.724  INFO 10264 --- [Test worker] c.a.s.i.d.repository.UserRepositoryTest  : Starting UserRepositoryTest using Java 17.0.2 on LAPTOP-DK885BR9 with PID 10264 (started by Andrey72 in C:\Users\Andrey72\IdeaProjects\Spring-start)
2022-12-22 01:16:46.725  INFO 10264 --- [Test worker] c.a.s.i.d.repository.UserRepositoryTest  : The following profiles are active: test
2022-12-22 01:16:47.097  INFO 10264 --- [Test worker] .s.d.r.c.RepositoryConfigurationDelegate : Bootstrapping Spring Data JPA repositories in DEFAULT mode.
2022-12-22 01:16:47.149  INFO 10264 --- [Test worker] .s.d.r.c.RepositoryConfigurationDelegate : Finished Spring Data repository scanning in 46 ms. Found 2 JPA repository interfaces.
2022-12-22 01:16:47.615  INFO 10264 --- [Test worker] o.hibernate.jpa.internal.util.LogHelper  : HHH000204: Processing PersistenceUnitInfo [name: default]
2022-12-22 01:16:47.667  INFO 10264 --- [Test worker] org.hibernate.Version                    : HHH000412: Hibernate ORM core version 5.6.3.Final
2022-12-22 01:16:47.809  INFO 10264 --- [Test worker] o.hibernate.annotations.common.Version   : HCANN000001: Hibernate Commons Annotations {5.1.2.Final}
2022-12-22 01:16:47.912  INFO 10264 --- [Test worker] com.zaxxer.hikari.HikariDataSource       : HikariPool-1 - Starting...
2022-12-22 01:16:48.040  INFO 10264 --- [Test worker] com.zaxxer.hikari.HikariDataSource       : HikariPool-1 - Start completed.
2022-12-22 01:16:48.067  INFO 10264 --- [Test worker] org.hibernate.dialect.Dialect            : HHH000400: Using dialect: org.hibernate.dialect.PostgreSQL10Dialect
2022-12-22 01:16:48.747  INFO 10264 --- [Test worker] o.h.e.t.j.p.i.JtaPlatformInitiator       : HHH000490: Using JtaPlatform implementation: [org.hibernate.engine.transaction.jta.platform.internal.NoJtaPlatform]
2022-12-22 01:16:48.818  INFO 10264 --- [Test worker] j.LocalContainerEntityManagerFactoryBean : Initialized JPA EntityManagerFactory for persistence unit 'default'
2022-12-22 01:16:48.831  INFO 10264 --- [Test worker] c.a.spring.database.pool.ConnectionPool  : Init-method ConnectionPool
2022-12-22 01:16:48.993  INFO 10264 --- [Test worker] c.andrey.spring.config.JpaConfiguration  : Jpa configuration is enabled
2022-12-22 01:16:49.446  INFO 10264 --- [Test worker] c.a.spring.database.pool.ConnectionPool  : Init-method ConnectionPool
2022-12-22 01:16:49.447  INFO 10264 --- [Test worker] c.a.spring.database.pool.ConnectionPool  : Init-method ConnectionPool
2022-12-22 01:16:49.600  INFO 10264 --- [Test worker] c.a.s.i.d.repository.UserRepositoryTest  : Started UserRepositoryTest in 3.151 seconds (JVM running for 4.122)
2022-12-22 01:16:49.626  INFO 10264 --- [Test worker] o.s.t.c.transaction.TransactionContext   : Began transaction (1) for test context [DefaultTestContext@533b266e testClass = UserRepositoryTest, testInstance = com.andrey.spring.integration.database.repository.UserRepositoryTest@7bb86ac, testMethod = checkAuditing@UserRepositoryTest, testException = [null], mergedContextConfiguration = [MergedContextConfiguration@6d1d4d7 testClass = UserRepositoryTest, locations = '{}', classes = '{class com.andrey.spring.ApplicationRunner, class com.andrey.spring.integration.TestApplicationRunner}', contextInitializerClasses = '[]', activeProfiles = '{test}', propertySourceLocations = '{}', propertySourceProperties = '{org.springframework.boot.test.context.SpringBootTestContextBootstrapper=true}', contextCustomizers = set[org.springframework.boot.test.autoconfigure.actuate.metrics.MetricsExportContextCustomizerFactory$DisableMetricExportContextCustomizer@517d4a0d, org.springframework.boot.test.autoconfigure.properties.PropertyMappingContextCustomizer@0, org.springframework.boot.test.autoconfigure.web.servlet.WebDriverContextCustomizerFactory$Customizer@324a0017, org.springframework.boot.test.context.filter.ExcludeFilterContextCustomizer@487db668, org.springframework.boot.test.json.DuplicateJsonObjectContextCustomizerFactory$DuplicateJsonObjectContextCustomizer@63798ca7, org.springframework.boot.test.mock.mockito.MockitoContextCustomizer@0, org.springframework.boot.test.web.client.TestRestTemplateContextCustomizer@4879dfad, org.springframework.boot.test.context.SpringBootTestArgs@1, org.springframework.boot.test.context.SpringBootTestWebEnvironment@4d02f94e], contextLoader = 'org.springframework.boot.test.context.SpringBootContextLoader', parent = [null]], attributes = map['org.springframework.test.context.event.ApplicationEventsTestExecutionListener.recordApplicationEvents' -> false]]; transaction manager [org.springframework.orm.jpa.JpaTransactionManager@63af52a6]; rollback [true]
2022-12-22 01:24:03.821  INFO 7632 --- [Test worker] c.a.s.i.d.repository.UserRepositoryTest  : Starting UserRepositoryTest using Java 17.0.2 on LAPTOP-DK885BR9 with PID 7632 (started by Andrey72 in C:\Users\Andrey72\IdeaProjects\Spring-start)
2022-12-22 01:24:03.821  INFO 7632 --- [Test worker] c.a.s.i.d.repository.UserRepositoryTest  : The following profiles are active: test
2022-12-22 01:24:04.225  INFO 7632 --- [Test worker] .s.d.r.c.RepositoryConfigurationDelegate : Bootstrapping Spring Data JPA repositories in DEFAULT mode.
2022-12-22 01:24:04.274  INFO 7632 --- [Test worker] .s.d.r.c.RepositoryConfigurationDelegate : Finished Spring Data repository scanning in 43 ms. Found 2 JPA repository interfaces.
2022-12-22 01:24:04.694  INFO 7632 --- [Test worker] o.hibernate.jpa.internal.util.LogHelper  : HHH000204: Processing PersistenceUnitInfo [name: default]
2022-12-22 01:24:04.751  INFO 7632 --- [Test worker] org.hibernate.Version                    : HHH000412: Hibernate ORM core version 5.6.3.Final
2022-12-22 01:24:04.905  INFO 7632 --- [Test worker] o.hibernate.annotations.common.Version   : HCANN000001: Hibernate Commons Annotations {5.1.2.Final}
2022-12-22 01:24:04.998  INFO 7632 --- [Test worker] com.zaxxer.hikari.HikariDataSource       : HikariPool-1 - Starting...
2022-12-22 01:24:05.124  INFO 7632 --- [Test worker] com.zaxxer.hikari.HikariDataSource       : HikariPool-1 - Start completed.
2022-12-22 01:24:05.153  INFO 7632 --- [Test worker] org.hibernate.dialect.Dialect            : HHH000400: Using dialect: org.hibernate.dialect.PostgreSQL10Dialect
2022-12-22 01:24:05.881  INFO 7632 --- [Test worker] o.h.e.t.j.p.i.JtaPlatformInitiator       : HHH000490: Using JtaPlatform implementation: [org.hibernate.engine.transaction.jta.platform.internal.NoJtaPlatform]
2022-12-22 01:24:05.953  INFO 7632 --- [Test worker] j.LocalContainerEntityManagerFactoryBean : Initialized JPA EntityManagerFactory for persistence unit 'default'
2022-12-22 01:24:05.965  INFO 7632 --- [Test worker] c.a.spring.database.pool.ConnectionPool  : Init-method ConnectionPool
2022-12-22 01:24:06.111  INFO 7632 --- [Test worker] c.andrey.spring.config.JpaConfiguration  : Jpa configuration is enabled
2022-12-22 01:24:06.567  INFO 7632 --- [Test worker] c.a.spring.database.pool.ConnectionPool  : Init-method ConnectionPool
2022-12-22 01:24:06.569  INFO 7632 --- [Test worker] c.a.spring.database.pool.ConnectionPool  : Init-method ConnectionPool
2022-12-22 01:24:06.716  INFO 7632 --- [Test worker] c.a.s.i.d.repository.UserRepositoryTest  : Started UserRepositoryTest in 3.166 seconds (JVM running for 4.073)
2022-12-22 01:24:06.741  INFO 7632 --- [Test worker] o.s.t.c.transaction.TransactionContext   : Began transaction (1) for test context [DefaultTestContext@5fcacc0 testClass = UserRepositoryTest, testInstance = com.andrey.spring.integration.database.repository.UserRepositoryTest@3c34c491, testMethod = checkAuditing@UserRepositoryTest, testException = [null], mergedContextConfiguration = [MergedContextConfiguration@533b266e testClass = UserRepositoryTest, locations = '{}', classes = '{class com.andrey.spring.ApplicationRunner, class com.andrey.spring.integration.TestApplicationRunner}', contextInitializerClasses = '[]', activeProfiles = '{test}', propertySourceLocations = '{}', propertySourceProperties = '{org.springframework.boot.test.context.SpringBootTestContextBootstrapper=true}', contextCustomizers = set[org.springframework.boot.test.autoconfigure.actuate.metrics.MetricsExportContextCustomizerFactory$DisableMetricExportContextCustomizer@4fad9bb2, org.springframework.boot.test.autoconfigure.properties.PropertyMappingContextCustomizer@0, org.springframework.boot.test.autoconfigure.web.servlet.WebDriverContextCustomizerFactory$Customizer@2e2ff723, org.springframework.boot.test.context.filter.ExcludeFilterContextCustomizer@17aad511, org.springframework.boot.test.json.DuplicateJsonObjectContextCustomizerFactory$DuplicateJsonObjectContextCustomizer@22bac7bc, org.springframework.boot.test.mock.mockito.MockitoContextCustomizer@0, org.springframework.boot.test.web.client.TestRestTemplateContextCustomizer@6986bbaf, org.springframework.boot.test.context.SpringBootTestArgs@1, org.springframework.boot.test.context.SpringBootTestWebEnvironment@ea6147e], contextLoader = 'org.springframework.boot.test.context.SpringBootContextLoader', parent = [null]], attributes = map['org.springframework.test.context.event.ApplicationEventsTestExecutionListener.recordApplicationEvents' -> false]]; transaction manager [org.springframework.orm.jpa.JpaTransactionManager@4423692a]; rollback [true]
2022-12-22 01:24:06.880  INFO 7632 --- [Test worker] o.s.t.c.transaction.TransactionContext   : Rolled back transaction for test: [DefaultTestContext@5fcacc0 testClass = UserRepositoryTest, testInstance = com.andrey.spring.integration.database.repository.UserRepositoryTest@3c34c491, testMethod = checkAuditing@UserRepositoryTest, testException = [null], mergedContextConfiguration = [MergedContextConfiguration@533b266e testClass = UserRepositoryTest, locations = '{}', classes = '{class com.andrey.spring.ApplicationRunner, class com.andrey.spring.integration.TestApplicationRunner}', contextInitializerClasses = '[]', activeProfiles = '{test}', propertySourceLocations = '{}', propertySourceProperties = '{org.springframework.boot.test.context.SpringBootTestContextBootstrapper=true}', contextCustomizers = set[org.springframework.boot.test.autoconfigure.actuate.metrics.MetricsExportContextCustomizerFactory$DisableMetricExportContextCustomizer@4fad9bb2, org.springframework.boot.test.autoconfigure.properties.PropertyMappingContextCustomizer@0, org.springframework.boot.test.autoconfigure.web.servlet.WebDriverContextCustomizerFactory$Customizer@2e2ff723, org.springframework.boot.test.context.filter.ExcludeFilterContextCustomizer@17aad511, org.springframework.boot.test.json.DuplicateJsonObjectContextCustomizerFactory$DuplicateJsonObjectContextCustomizer@22bac7bc, org.springframework.boot.test.mock.mockito.MockitoContextCustomizer@0, org.springframework.boot.test.web.client.TestRestTemplateContextCustomizer@6986bbaf, org.springframework.boot.test.context.SpringBootTestArgs@1, org.springframework.boot.test.context.SpringBootTestWebEnvironment@ea6147e], contextLoader = 'org.springframework.boot.test.context.SpringBootContextLoader', parent = [null]], attributes = map['org.springframework.test.context.event.ApplicationEventsTestExecutionListener.recordApplicationEvents' -> false]]
2022-12-22 01:24:06.892  INFO 7632 --- [SpringApplicationShutdownHook] c.a.spring.database.pool.ConnectionPool  : Clean ConnectionPool
2022-12-22 01:24:06.893  INFO 7632 --- [SpringApplicationShutdownHook] c.a.spring.database.pool.ConnectionPool  : Clean ConnectionPool
2022-12-22 01:24:06.894  INFO 7632 --- [SpringApplicationShutdownHook] c.a.spring.database.pool.ConnectionPool  : Clean ConnectionPool
2022-12-22 01:24:06.894  INFO 7632 --- [SpringApplicationShutdownHook] j.LocalContainerEntityManagerFactoryBean : Closing JPA EntityManagerFactory for persistence unit 'default'
2022-12-22 01:24:06.895  INFO 7632 --- [SpringApplicationShutdownHook] com.zaxxer.hikari.HikariDataSource       : HikariPool-1 - Shutdown initiated...
2022-12-22 01:24:06.900  INFO 7632 --- [SpringApplicationShutdownHook] com.zaxxer.hikari.HikariDataSource       : HikariPool-1 - Shutdown completed.
